1595417407765	mozrunner::runner	INFO	Running command: "C:\\Program Files\\Mozilla Firefox\\firefox.exe" "-marionette" "-foreground" "-no-remote" "-profile" "C:\\Users\\Jonathan\\AppData\\Local\\Temp\\rust_mozprofile1hU3d7"
JavaScript error: resource://gre/modules/XULStore.jsm, line 66: Error: Can't find profile directory.
1595417409862	Marionette	INFO	Listening on port 53898
1595417409874	Marionette	WARN	TLS certificate errors will be ignored for this session
1595417459694	mozrunner::runner	INFO	Running command: "C:\\Program Files\\Mozilla Firefox\\firefox.exe" "-marionette" "-foreground" "-no-remote" "-profile" "C:\\Users\\Jonathan\\AppData\\Local\\Temp\\rust_mozprofileuG029O"
JavaScript error: resource://gre/modules/XULStore.jsm, line 66: Error: Can't find profile directory.
1595417461866	Marionette	INFO	Listening on port 53961
1595417462307	Marionette	WARN	TLS certificate errors will be ignored for this session
JavaScript error: https://cdn.ampproject.org/rtv/012007102309000/v0/amp-analytics-0.1.js, line 121: NS_ERROR_NOT_INITIALIZED: 
JavaScript error: https://cdn.ampproject.org/rtv/012007102309000/v0/amp-analytics-0.1.js, line 121: NS_ERROR_NOT_INITIALIZED: 
JavaScript error: https://cdn.ampproject.org/rtv/012007102309000/v0/amp-analytics-0.1.js, line 121: NS_ERROR_NOT_INITIALIZED: 
JavaScript error: https://cdn.ampproject.org/rtv/012007102309000/v0/amp-analytics-0.1.js, line 121: NS_ERROR_NOT_INITIALIZED: 
JavaScript error: https://cdn.ampproject.org/rtv/012007102309000/v0/amp-analytics-0.1.js, line 121: NS_ERROR_NOT_INITIALIZED: 
JavaScript error: https://cdn.ampproject.org/rtv/012007102309000/v0/amp-analytics-0.1.js, line 121: NS_ERROR_NOT_INITIALIZED: 
JavaScript error: https://cdn.ampproject.org/rtv/012007102309000/v0/amp-analytics-0.1.js, line 121: NS_ERROR_NOT_INITIALIZED: 
JavaScript error: https://www.atptour.com/assets/atpwt/scripts/vendor/postscribe.min.js?bust=637309648588652200, line 3: uncaught exception: [object Object]
JavaScript error: https://www.atptour.com/assets/atpwt/scripts/vendor/postscribe.min.js?bust=637309648588652200, line 3: uncaught exception: [object Object]
JavaScript error: https://cdn.ampproject.org/rtv/012007102309000/v0/amp-analytics-0.1.js, line 121: NS_ERROR_NOT_INITIALIZED: 
JavaScript error: https://cdn.ampproject.org/rtv/012007102309000/v0/amp-analytics-0.1.js, line 121: NS_ERROR_NOT_INITIALIZED: 
JavaScript error: https://cdn.ampproject.org/rtv/012007102309000/v0/amp-analytics-0.1.js, line 121: NS_ERROR_NOT_INITIALIZED: 
JavaScript error: https://cdn.ampproject.org/rtv/012007102309000/v0/amp-analytics-0.1.js, line 121: NS_ERROR_NOT_INITIALIZED: 
JavaScript error: https://cdn.ampproject.org/rtv/012007102309000/v0/amp-analytics-0.1.js, line 121: NS_ERROR_NOT_INITIALIZED: 
JavaScript error: https://cdn.ampproject.org/rtv/012007102309000/v0/amp-analytics-0.1.js, line 121: NS_ERROR_NOT_INITIALIZED: 
JavaScript error: https://cdn.ampproject.org/rtv/012007102309000/v0/amp-analytics-0.1.js, line 121: NS_ERROR_NOT_INITIALIZED: 
JavaScript error: https://cdn.ampproject.org/rtv/012007102309000/v0/amp-analytics-0.1.js, line 121: NS_ERROR_NOT_INITIALIZED: 
JavaScript error: https://cdn.ampproject.org/rtv/012007102309000/v0/amp-analytics-0.1.js, line 121: NS_ERROR_NOT_INITIALIZED: 
1595420476914	Marionette	INFO	Stopped listening on port 53961

###!!! [Child][RunMessage] Error: Channel closing: too late to send/recv, messages will be lost


###!!! [Child][MessageChannel::SendAndWait] Error: Channel error: cannot send/recv

gre/modules/XULStore.jsm, line 66: Error: Can't find profile directory.
1595420477937	Marionette	INFO	Listening on port 57305
1595420478243	Marionette	WARN	TLS certificate errors will be ignored for this session
JavaScript error: https://www.atptour.com/assets/atpwt/scripts/vendor/require.js, line 8: Error: Script error for: counterup
http://requirejs.org/docs/errors.html#scripterror
1595420490497	Marionette	INFO	Stopped listening on port 57305

###!!! [Child][RunMessage] Error: Channel closing: too late to send/recv, messages will be lost


###!!! [Child][MessageChannel::SendAndWait] Error: Channel error: cannot send/recv

1595420815427	mozrunner::runner	INFO	Running command: "C:\\Program Files\\Mozilla Firefox\\firefox.exe" "-marionette" "-foreground" "-no-remote" "-profile" "C:\\Users\\Jonathan\\AppData\\Local\\Temp\\rust_mozprofileVqMRpe"
JavaScript error: resource://gre/modules/XULStore.jsm, line 66: Error: Can't find profile directory.
1595420817496	Marionette	INFO	Listening on port 57462
1595420817539	Marionette	WARN	TLS certificate errors will be ignored for this session
console.error: "Store does not have a valid reducer. Make sure the argument passed to combineReducers is an object whose values are reducers."
1595421249888	Marionette	INFO	Stopped listening on port 57462

###!!! [Child][RunMessage] Error: Channel closing: too late to send/recv, messages will be lost


###!!! [Child][MessageChannel::SendAndWait] Error: Channel error: cannot send/recv

gre/modules/XULStore.jsm, line 66: Error: Can't find profile directory.
1595421105944	Marionette	INFO	Listening on port 57754
1595421105963	Marionette	WARN	TLS certificate errors will be ignored for this session
JavaScript error: https://cdn.ampproject.org/rtv/012007102309000/v0/amp-analytics-0.1.js, line 121: NS_ERROR_NOT_INITIALIZED: 
JavaScript error: chrome://marionette/content/proxy.js, line 222: TypeError: this.browser.driver.dialogObserver is null
JavaScript error: chrome://marionette/content/proxy.js, line 222: TypeError: this.browser.driver.dialogObserver is null
1595421216082	Marionette	INFO	Stopped listening on port 57754

###!!! [Child][RunMessage] Error: Channel closing: too late to send/recv, messages will be lost


###!!! [Child][MessageChannel::SendAndWait] Error: Channel error: cannot send/recv

1595421249931	mozrunner::runner	INFO	Running command: "C:\\Program Files\\Mozilla Firefox\\firefox.exe" "-marionette" "-foreground" "-no-remote" "-profile" "C:\\Users\\Jonathan\\AppData\\Local\\Temp\\rust_mozprofilenRUis9"
JavaScript error: resource://gre/modules/XULStore.jsm, line 66: Error: Can't find profile directory.
1595421254031	Marionette	INFO	Listening on port 58036
1595421254043	Marionette	WARN	TLS certificate errors will be ignored for this session
JavaScript error: https://cdn.ampproject.org/rtv/012007102309000/v0/amp-analytics-0.1.js, line 121: NS_ERROR_NOT_INITIALIZED: 
JavaScript error: chrome://marionette/content/proxy.js, line 222: TypeError: this.browser.driver.dialogObserver is null
JavaScript error: chrome://marionette/content/proxy.js, line 222: TypeError: this.browser.driver.dialogObserver is null
1595421628937	Marionette	INFO	Stopped listening on port 58036

###!!! [Child][RunMessage] Error: Channel closing: too late to send/recv, messages will be lost


###!!! [Child][MessageChannel::SendAndWait] Error: Channel error: cannot send/recv

58272
1595421343784	Marionette	WARN	TLS certificate errors will be ignored for this session
JavaScript error: chrome://marionette/content/proxy.js, line 222: TypeError: this.browser.driver.dialogObserver is null
1595421399993	mozrunner::runner	INFO	Running command: "C:\\Program Files\\Mozilla Firefox\\firefox.exe" "-marionette" "-foreground" "-no-remote" "-profile" "C:\\Users\\Jonathan\\AppData\\Local\\Temp\\rust_mozprofilei8jtMR"
JavaScript error: resource://gre/modules/XULStore.jsm, line 66: Error: Can't find profile directory.
1595421402118	Marionette	INFO	Listening on port 58485
1595421402599	Marionette	WARN	TLS certificate errors will be ignored for this session
JavaScript error: chrome://marionette/content/proxy.js, line 222: TypeError: this.browser.driver.dialogObserver is null
JavaScript error: chrome://marionette/content/proxy.js, line 222: TypeError: this.browser.driver.dialogObserver is null
1595421595421540183	mozrunner::runner	INFO	Running command: "C:\\Program Files\\Mozilla Firefox\\firefox.exe" "-marionette" "-foreground" "-no-remote" "-profile" "C:\\Users\\Jonathan\\AppData\\Local\\Temp\\rust_mozprofilenAHVlc"
JavaScript error: resource://gre/modules/XULStore.jsm, line 66: Error: Can't find profile directory.
1595421542464	Marionette	INFO	Listening on port 58807
1595421542804	Marionette	WARN	TLS certificate errors will be ignored for this session
JavaScript error: chrome://marionette/content/proxy.js, line 222: TypeError: this.browser.driver.dialogObserver is null
1595421628679	mozrunner::runner	INFO	Running command: "C:\\Program Files\\Mozilla Firefox\\firefox.exe" "-marionette" "-foreground" "-no-remote" "-profile" "C:\\Users\\Jonathan\\AppData\\Local\\Temp\\rust_mozprofile9UR6zj"
JavaScript error: resource://gre/modules/XULStore.jsm, line 66: Error: Can't find profile directory.
1595421630822	Marionette	INFO	Listening on port 59033
1595421631287	Marionette	WARN	TLS certificate errors will be ignored for this session
1595421678915	mozrunner::runner	INFO	Running command: "C:\\Program Files\\Mozilla Firefox\\firefox.exe" "-marionette" "-foreground" "-no-remote" "-profile" "C:\\Users\\Jonathan\\AppData\\Local\\Temp\\rust_mozprofile89UwzP"
JavaScript error: resource://gre/modules/XULStore.jsm, line 66: Error: Can't find profile directory.
1595421681027	Marionette	INFO	Listening on port 59175
1595421681524	Marionette	WARN	TLS certificate errors will be ignored for this session
JavaScript error: , line 0: uncaught exception: undefined
JavaScript error: https://cdn.ampproject.org/rtv/012007102309000/v0/amp-analytics-0.1.js, line 121: NS_ERROR_NOT_INITIALIZED: 
1595421739834	Marionette	INFO	Stopped listening on port 59175

###!!! [Child][RunMessage] Error: Channel closing: too late to send/recv, messages will be lost


###!!! [Child][MessageChannel::SendAndWait] Error: Channel error: cannot send/recv

1595421766175	mozrunner::runner	INFO	Running command: "C:\\Program Files\\Mozilla Firefox\\firefox.exe" "-marionette" "-foreground" "-no-remote" "-profile" "C:\\Users\\Jonathan\\AppData\\Local\\Temp\\rust_mozprofilenpMrfs"
JavaScript error: resource://gre/modules/XULStore.jsm, line 66: Error: Can't find profile directory.
1595421768243	Marionette	INFO	Listening on port 59402
1595421768285	Marionette	WARN	TLS certificate errors will be ignored for this session
1595421816926	Marionette	INFO	Stopped listening on port 59402

###!!! [Child][RunMessage] Error: Channel closing: too late to send/recv, messages will be lost


###!!! [Child][MessageChannel::SendAndWait] Error: Channel error: cannot send/recv

1595421821621	mozrunner::runner	INFO	Running command: "C:\\Program Files\\Mozilla Firefox\\firefox.exe" "-marionette" "-foreground" "-no-remote" "-profile" "C:\\Users\\Jonathan\\AppData\\Local\\Temp\\rust_mozprofileRePemT"
JavaScript error: resource://gre/modules/XULStore.jsm, line 66: Error: Can't find profile directory.
1595421823907	Marionette	INFO	Listening on port 59575
1595421824229	Marionette	WARN	TLS certificate errors will be ignored for this session
JavaScript error: https://cdn.ampproject.org/rtv/012007102309000/v0/amp-analytics-0.1.js, line 121: NS_ERROR_NOT_INITIALIZED: 
JavaScript error: chrome://marionette/content/proxy.js, line 222: TypeError: this.browser.driver.dialogObserver is null
JavaScript error: chrome://marionette/content/proxy.js, line 222: TypeError: this.browser.driver.dialogObserver is null
1595422001586	Marionette	INFO	Stopped listening on port 59575

###!!! [Child][RunMessage] Error: Channel closing: too late to send/recv, messages will be lost


###!!! [Child][MessageChannel::SendAndWait] Error: Channel error: cannot send/recv

59814
1595421951223	Marionette	WARN	TLS certificate errors will be ignored for this session
JavaScript error: https://cdn.ampproject.org/rtv/012007102309000/v0/amp-analytics-0.1.js, line 121: NS_ERROR_NOT_INITIALIZED: 
JavaScript error: chrome://marionette/content/proxy.js, line 222: TypeError: this.browser.driver.dialogObserver is null
1595422002754	mozrunner::runner	INFO	Running command: "C:\\Program Files\\Mozilla Firefox\\firefox.exe" "-marionette" "-foreground" "-no-remote" "-profile" "C:\\Users\\Jonathan\\AppData\\Local\\Temp\\rust_mozprofileermuYu"
JavaScript error: resource://gre/modules/XULStore.jsm, line 66: Error: Can't find profile directory.
1595422004950	Marionette	INFO	Listening on port 60047
1595422005367	Marionette	WARN	TLS certificate errors will be ignored for this session
JavaScript error: https://cdn.ampproject.org/rtv/012007102309000/v0/amp-analytics-0.1.js, line 121: NS_ERROR_NOT_INITIALIZED: 
JavaScript error: https://cdn.ampproject.org/rtv/012007102309000/v0/amp-analytics-0.1.js, line 121: NS_ERROR_NOT_INITIALIZED: 
JavaScript error: chrome://marionette/content/proxy.js, line 222: TypeError: this.browser.driver.dialogObserver is null
JavaScript error: chrome://marionette/content/proxy.js, line 222: TypeError: this.browser.driver.dialogObserver is null
1595422598527	Marionette	INFO	Stopped listening on port 60047

###!!! [Child][RunMessage] Error: Channel closing: too late to send/recv, messages will be lost


###!!! [Child][MessageChannel::SendAndWait] Error: Channel error: cannot send/recv

60311
1595422122797	Marionette	WARN	TLS certificate errors will be ignored for this session
JavaScript error: , line 0: uncaught exception: undefined
JavaScript error: chrome://marionette/content/proxy.js, line 222: TypeError: this.browser.driver.dialogObserver is null
JavaScript error: chrome://marionette/content/proxy.js, line 222: TypeError: this.browser.driver.dialogObserver is null
1595422598496	Marionette	INFO	Stopped listening on port 60311

###!!! [Child][RunMessage] Error: Channel closing: too late to send/recv, messages will be lost


###!!! [Child][MessageChannel::SendAndWait] Error: Channel error: cannot send/recv

60601
1595422372937	Marionette	WARN	TLS certificate errors will be ignored for this session
JavaScript error: chrome://marionette/content/proxy.js, line 222: TypeError: this.browser.driver.dialogObserver is null
JavaScript error: chrome://marionette/content/proxy.js, line 222: TypeError: this.browser.driver.dialogObserver is null
1595422597206	Marionette	INFO	Stopped listening on port 60601

###!!! [Child][RunMessage] Error: Channel closing: too late to send/recv, messages will be lost


###!!! [Child][MessageChannel::SendAndWait] Error: Channel error: cannot send/recv

60848
1595422438421	Marionette	WARN	TLS certificate errors will be ignored for this session
JavaScript error: https://cdn.ampproject.org/rtv/012007102309000/v0/amp-analytics-0.1.js, line 121: NS_ERROR_NOT_INITIALIZED: 
1595422596786	Marionette	INFO	Stopped listening on port 60848

###!!! [Child][RunMessage] Error: Channel closing: too late to send/recv, messages will be lost


###!!! [Child][MessageChannel::SendAndWait] Error: Channel error: cannot send/recv

gre/modules/XULStore.jsm, line 66: Error: Can't find profile directory.
1595422521676	Marionette	INFO	Listening on port 61054
1595422522098	Marionette	WARN	TLS certificate errors will be ignored for this session
1595422597681	Marionette	INFO	Stopped listening on port 61054

###!!! [Child][RunMessage] Error: Channel closing: too late to send/recv, messages will be lost


###!!! [Child][MessageChannel::SendAndWait] Error: Channel error: cannot send/recv

gre/modules/XULStore.jsm, line 66: Error: Can't find profile directory.
1595422593975	Marionette	INFO	Listening on port 61229
console.error: Region.jsm: "Failed to fetch region" (new TypeError("NetworkError when attempting to fetch resource.", ""))
1595422594453	Marionette	INFO	Stopped listening on port 61229

###!!! [Child][RunMessage] Error: Channel closing: too late to send/recv, messages will be lost


###!!! [Child][MessageChannel::SendAndWait] Error: Channel error: cannot send/recv

1595422607867	mozrunner::runner	INFO	Running command: "C:\\Program Files\\Mozilla Firefox\\firefox.exe" "-marionette" "-foreground" "-no-remote" "-profile" "C:\\Users\\Jonathan\\AppData\\Local\\Temp\\rust_mozprofileK5ymCp"
JavaScript error: resource://gre/modules/XULStore.jsm, line 66: Error: Can't find profile directory.
1595422609994	Marionette	INFO	Listening on port 61283
1595422610477	Marionette	WARN	TLS certificate errors will be ignored for this session
1595422638646	Marionette	INFO	Stopped listening on port 61283

###!!! [Child][RunMessage] Error: Channel closing: too late to send/recv, messages will be lost


###!!! [Child][MessageChannel::SendAndWait] Error: Channel error: cannot send/recv

1595422726351	mozrunner::runner	INFO	Running command: "C:\\Program Files\\Mozilla Firefox\\firefox.exe" "-marionette" "-foreground" "-no-remote" "-profile" "C:\\Users\\Jonathan\\AppData\\Local\\Temp\\rust_mozprofileE3hb0C"
JavaScript error: resource://gre/modules/XULStore.jsm, line 66: Error: Can't find profile directory.
1595422728638	Marionette	INFO	Listening on port 61483
1595422728957	Marionette	WARN	TLS certificate errors will be ignored for this session
JavaScript error: https://cdn.ampproject.org/rtv/012007102309000/v0/amp-analytics-0.1.js, line 121: NS_ERROR_NOT_INITIALIZED: 
JavaScript error: chrome://marionette/content/proxy.js, line 222: TypeError: this.browser.driver.dialogObserver is null
JavaScript error: chrome://marionette/content/proxy.js, line 222: TypeError: this.browser.driver.dialogObserver is null
1595423609185	Marionette	INFO	Stopped listening on port 61483

###!!! [Child][RunMessage] Error: Channel closing: too late to send/recv, messages will be lost


###!!! [Child][MessageChannel::SendAndWait] Error: Channel error: cannot send/recv

61691
1595422832221	Marionette	WARN	TLS certificate errors will be ignored for this session
1595422890441	mozrunner::runner	INFO	Running command: "C:\\Program Files\\Mozilla Firefox\\firefox.exe" "-marionette" "-fJavaScript error: chrome://marionette/content/proxy.js, line 222: TypeError: this.browser.driver.dialogObserver is null
1595423608720	Marionette	INFO	Stopped listening on port 61691

###!!! [Child][RunMessage] Error: Channel closing: too late to send/recv, messages will be lost


###!!! [Child][MessageChannel::SendAndWait] Error: Channel error: cannot send/recv

marionette/content/proxy.js, line 222: TypeError: this.browser.driver.dialogObserver is null
JavaScript error: chrome://marionette/content/proxy.js, line 222: TypeError: this.browser.driver.dialogObserver is null
1595423608273	Marionette	INFO	Stopped listening on port 61948

###!!! [Child][RunMessage] Error: Channel closing: too late to send/recv, messages will be lost


###!!! [Child][MessageChannel::SendAndWait] Error: Channel error: cannot send/recv

62232
1595423111739	Marionette	WARN	TLS certificate errors will be ignored for this session
JavaScript error: , line 0: uncaught exception: undefined
JavaScript error: https://cdn.ampproject.org/rtv/012007102309000/v0/amp-analytics-0.1.js, line 121: NS_ERROR_NOT_INITIALIZED: 
JavaScript error: https://cdn.ampproject.org/rtv/012007102309000/v0/amp-analytics-0.1.js, line 121: NS_ERROR_NOT_INITIALIZED: 
JavaScript error: chrome://marionette/content/proxy.js, line 222: TypeError: this.browser.driver.dialogObserver is null
JavaScript error: chrome://marionette/content/proxy.js, line 222: TypeError: this.browser.driver.dialogObserver is null
1595423607808	Marionette	INFO	Stopped listening on port 62232

###!!! [Child][RunMessage] Error: Channel closing: too late to send/recv, messages will be lost


###!!! [Child][MessageChannel::SendAndWait] Error: Channel error: cannot send/recv

62527
1595423234016	Marionette	WARN	TLS certificate errors will be ignored for this session
JavaScript error: , line 0: uncaught exception: undefined
JavaScript error: chrome://marionette/content/proxy.js, line 222: TypeError: this.browser.driver.dialogObserver is null
JavaScript error: chrome://marionette/content/proxy.js, line 222: TypeError: this.browser.driver.dialogObserver is null
1595423607525	Marionette	INFO	Stopped listening on port 62527

###!!! [Child][RunMessage] Error: Channel closing: too late to send/recv, messages will be lost


###!!! [Child][MessageChannel::SendAndWait] Error: Channel error: cannot send/recv

62803
1595423361386	Marionette	WARN	TLS certificate errors will be ignored for this session
JavaScript error: chrome://marionette/content/proxy.js, line 222: TypeError: this.browser.driver.dialogObserver is null
JavaScript error: chrome://marionette/content/proxy.js, line 222: TypeError: this.browser.driver.dialogObserver is null
1595423606829	Marionette	INFO	Stopped listening on port 62803

###!!! [Child][RunMessage] Error: Channel closing: too late to send/recv, messages will be lost


###!!! [Child][MessageChannel::SendAndWait] Error: Channel error: cannot send/recv

63010
1595423432164	Marionette	WARN	TLS certificate errors will be ignored for this session
1595423606290	Marionette	INFO	Stopped listening on port 63010

###!!! [Child][RunMessage] Error: Channel closing: too late to send/recv, messages will be lost


###!!! [Child][MessageChannel::SendAndWait] Error: Channel error: cannot send/recv

gre/modules/XULStore.jsm, line 66: Error: Can't find profile directory.
1595423546658	Marionette	INFO	Listening on port 63174
1595423546831	Marionette	WARN	TLS certificate errors will be ignored for this session
JavaScript error: chrome://marionette/content/proxy.js, line 222: TypeError: this.browser.driver.dialogObserver is null
JavaScript error: chrome://marionette/content/proxy.js, line 222: TypeError: this.browser.driver.dialogObserver is null
1595423605878	Marionette	INFO	Stopped listening on port 63174

###!!! [Child][RunMessage] Error: Channel closing: too late to send/recv, messages will be lost


###!!! [Child][MessageChannel::SendAndWait] Error: Channel error: cannot send/recv

1595423629793	mozrunner::runner	INFO	Running command: "C:\\Program Files\\Mozilla Firefox\\firefox.exe" "-marionette" "-foreground" "-no-remote" "-profile" "C:\\Users\\Jonathan\\AppData\\Local\\Temp\\rust_mozprofilefJihE5"
JavaScript error: resource://gre/modules/XULStore.jsm, line 66: Error: Can't find profile directory.
1595423631933	Marionette	INFO	Listening on port 63390
1595423632403	Marionette	WARN	TLS certificate errors will be ignored for this session
1595424326607	Marionette	INFO	Stopped listening on port 63390

###!!! [Child][RunMessage] Error: Channel closing: too late to send/recv, messages will be lost


###!!! [Child][MessageChannel::SendAndWait] Error: Channel error: cannot send/recv

gre/modules/XULStore.jsm, line 66: Error: Can't find profile directory.
1595424021166	Marionette	INFO	Listening on port 63695
1595424021192	Marionette	WARN	TLS certificate errors will be ignored for this session
JavaScript error: https://securepubads.g.doubleclick.net/tag/js/gpt.js, line 6: NS_ERROR_NOT_INITIALIZED: 
[Child 17704, Chrome_ChildThread] WARNING: pipe error: 232: file /builds/worker/checkouts/gecko/ipc/chromium/src/chrome/common/ipc_channel_win.cc, line 522
[Child 17704, Chrome_ChildThread] WARNING: pipe error: 232: file /builds/worker/checkouts/gecko/ipc/chromium/src/chrome/common/ipc_channel_win.cc, line 522
1595424047621	Marionette	INFO	Stopped listening on port 63695

###!!! [Child][RunMessage] Error: Channel closing: too late to send/recv, messages will be lost


###!!! [Child][MessageChannel::SendAndWait] Error: Channel error: cannot send/recv

1595424083026	mozrunner::runner	INFO	Running command: "C:\\Program Files\\Mozilla Firefox\\firefox.exe" "-marionette" "-foreground" "-no-remote" "-profile" "C:\\Users\\Jonathan\\AppData\\Local\\Temp\\rust_mozprofileJQmTUX"
JavaScript error: resource://gre/modules/XULStore.jsm, line 66: Error: Can't find profile directory.
1595424085187	Marionette	INFO	Listening on port 63850
1595424085635	Marionette	WARN	TLS certificate errors will be ignored for this session
JavaScript error: https://cdn.ampproject.org/rtv/012007102309000/v0/amp-analytics-0.1.js, line 121: NS_ERROR_NOT_INITIALIZED: 
JavaScript error: chrome://marionette/content/proxy.js, line 222: TypeError: this.browser.driver.dialogObserver is null
JavaScript error: chrome://marionette/content/proxy.js, line 222: TypeError: this.browser.driver.dialogObserver is null
1595424326300	Marionette	INFO	Stopped listening on port 63850

###!!! [Child][MessageChannel::SendAndWait] Error: Channel error: cannot send/recv

.jsm, line 66: Error: Can't find profile directory.
1595424142530	Marionette	INFO	Listening on port 64042
1595424145848	mozrunner::runner	INFO	Running command: "C:\\Program Files\\Mozilla Firefox\\firefox.exe" "-marionette" "-foreground" "-no-remote" "-profile" "C:\\Users\\Jonathan\\AppData\\Local\\Temp\\rust_mozprofilej04EmZ"
JavaScript error: resource://gre/modules/XULStore.jsm, line 66: Error: Can't find profile directory.
1595424148000	Marionette	INFO	Listening on port 64092
1595424148454	Marionette	WARN	TLS certificate errors will be ignored for this session
1595424179890	Marionette	INFO	Stopped listening on port 64092

###!!! [Child][RunMessage] Error: Channel closing: too late to send/recv, messages will be lost


###!!! [Child][MessageChannel::SendAndWait] Error: Channel error: cannot send/recv

1595424206294	mozrunner::runner	INFO	Running command: "C:\\Program Files\\Mozilla Firefox\\firefox.exe" "-marionette" "-foreground" "-no-remote" "-profile" "C:\\Users\\Jonathan\\AppData\\Local\\Temp\\rust_mozprofileeNtlAu"
JavaScript error: resource://gre/modules/XULStore.jsm, line 66: Error: Can't find profile directory.
1595424208443	Marionette	INFO	Listening on port 64359
1595424208914	Marionette	WARN	TLS certificate errors will be ignored for this session
JavaScript error: chrome://marionette/content/proxy.js, line 222: TypeError: this.browser.driver.dialogObserver is null
JavaScript error: chrome://marionette/content/proxy.js, line 222: TypeError: this.browser.driver.dialogObserver is null
1595424325977	Marionette	INFO	Stopped listening on port 64359

###!!! [Child][RunMessage] Error: Channel closing: too late to send/recv, messages will be lost


###!!! [Child][MessageChannel::SendAndWait] Error: Channel error: cannot send/recv

64582
1595424248875	Marionette	WARN	TLS certificate errors will be ignored for this session
1595424284328	Marionette	INFO	Stopped listening on port 64582

###!!! [Child][RunMessage] Error: Channel closing: too late to send/recv, messages will be lost


###!!! [Child][MessageChannel::SendAndWait] Error: Channel error: cannot send/recv

1595424289522	mozrunner::runner	INFO	Running command: "C:\\Program Files\\Mozilla Firefox\\firefox.exe" "-marionette" "-foreground" "-no-remote" "-profile" "C:\\Users\\Jonathan\\AppData\\Local\\Temp\\rust_mozprofileGklGT2"
JavaScript error: resource://gre/modules/XULStore.jsm, line 66: Error: Can't find profile directory.
1595424291817	Marionette	INFO	Listening on port 64757
1595424292131	Marionette	WARN	TLS certificate errors will be ignored for this session
JavaScript error: , line 0: uncaught exception: undefined
JavaScript error: chrome://marionette/content/proxy.js, line 222: TypeError: this.browser.driver.dialogObserver is null
JavaScript error: chrome://marionette/content/proxy.js, line 222: TypeError: this.browser.driver.dialogObserver is null
1595424324943	Marionette	INFO	Stopped listening on port 64757

###!!! [Child][RunMessage] Error: Channel closing: too late to send/recv, messages will be lost


###!!! [Child][MessageChannel::SendAndWait] Error: Channel error: cannot send/recv

1595424363432	mozrunner::runner	INFO	Running command: "C:\\Program Files\\Mozilla Firefox\\firefox.exe" "-marionette" "-foreground" "-no-remote" "-profile" "C:\\Users\\Jonathan\\AppData\\Local\\Temp\\rust_mozprofileMmZScT"
JavaScript error: resource://gre/modules/XULStore.jsm, line 66: Error: Can't find profile directory.
1595424365532	Marionette	INFO	Listening on port 64966
1595424365541	Marionette	WARN	TLS certificate errors will be ignored for this session
JavaScript error: https://cdn.ampproject.org/rtv/012007102309000/v0/amp-analytics-0.1.js, line 121: NS_ERROR_NOT_INITIALIZED: 
JavaScript error: https://cdn.ampproject.org/rtv/012007102309000/v0/amp-analytics-0.1.js, line 121: NS_ERROR_NOT_INITIALIZED: 
1595424454377	mozrunner::runner	INFO	Running command: "C:\\Program Files\\Mozilla Firefox\\firefox.exe" "-marionette" "-foreground" "-no-remote" "-profile" "C:\\Users\\Jonathan\\AppData\\Local\\Temp\\rust_mozprofileD0BlC1"
JavaScript error: resource://gre/modules/XULStore.jsm, line 66: Error: Can't find profile directory.
1595424456546	Marionette	INFO	Listening on port 65213
1595424456987	Marionette	WARN	TLS certificate errors will be ignored for this session
JavaScript error: chrome://marionette/content/proxy.js, line 222: TypeError: this.browser.driver.dialogObserver is null
1595424481689	Marionette	INFO	Stopped listening on port 65213

###!!! [Child][RunMessage] Error: Channel closing: too late to send/recv, messages will be lost


###!!! [Child][MessageChannel::SendAndWait] Error: Channel error: cannot send/recv

1595424574655	mozrunner::runner	INFO	Running command: "C:\\Program Files\\Mozilla Firefox\\firefox.exe" "-marionette" "-foreground" "-no-remote" "-profile" "C:\\Users\\Jonathan\\AppData\\Local\\Temp\\rust_mozprofilei7iyec"
JavaScript error: resource://gre/modules/XULStore.jsm, line 66: Error: Can't find profile directory.
1595424576737	Marionette	INFO	Listening on port 65385
1595424576774	Marionette	WARN	TLS certificate errors will be ignored for this session
1595424618696	mozrunner::runner	INFO	Running command: "C:\\Program Files\\Mozilla Firefox\\firefox.exe" "-marionette" "-fJavaScript error: chrome://marionette/content/proxy.js, line 222: TypeError: this.browser.driver.dialogObserver is null
1595424687485	Marionette	INFO	Stopped listening on port 65385

###!!! [Child][RunMessage] Error: Channel closing: too late to send/recv, messages will be lost


###!!! [Child][MessageChannel::SendAndWait] Error: Channel error: cannot send/recv

ww.atptour.com/assets/atpwt/scripts/vendor/postscribe.min.js?bust=637309654612858500, line 3: TypeError: r.win is undefined
1595424686622	Marionette	INFO	Stopped listening on port 49229

###!!! [Child][RunMessage] Error: Channel closing: too late to send/recv, messages will be lost


###!!! [Child][MessageChannel::SendAndWait] Error: Channel error: cannot send/recv

1595424697042	mozrunner::runner	INFO	Running command: "C:\\Program Files\\Mozilla Firefox\\firefox.exe" "-marionette" "-foreground" "-no-remote" "-profile" "C:\\Users\\Jonathan\\AppData\\Local\\Temp\\rust_mozprofilebYVf32"
JavaScript error: resource://gre/modules/XULStore.jsm, line 66: Error: Can't find profile directory.
1595424699262	Marionette	INFO	Listening on port 49388
1595424699650	Marionette	WARN	TLS certificate errors will be ignored for this session
1595424756230	Marionette	INFO	Stopped listening on port 49388

###!!! [Child][RunMessage] Error: Channel closing: too late to send/recv, messages will be lost


###!!! [Child][MessageChannel::SendAndWait] Error: Channel error: cannot send/recv

1595424779908	mozrunner::runner	INFO	Running command: "C:\\Program Files\\Mozilla Firefox\\firefox.exe" "-marionette" "-foreground" "-no-remote" "-profile" "C:\\Users\\Jonathan\\AppData\\Local\\Temp\\rust_mozprofileBFcPM2"
JavaScript error: resource://gre/modules/XULStore.jsm, line 66: Error: Can't find profile directory.
1595424782006	Marionette	INFO	Listening on port 49624
1595424782026	Marionette	WARN	TLS certificate errors will be ignored for this session
1595424816263	mozrunner::runner	INFO	Running command: "C:\\Program Files\\Mozilla Firefox\\firefox.exe" "-marionette" "-foreground" "-no-remote" "-profile" "C:\\Users\\Jonathan\\AppData\\Local\\Temp\\rust_mozprofileXnK1Xa"
JavaScript error: resource://gre/modules/XULStore.jsm, line 66: Error: Can't find profile directory.
1595424818629	Marionette	INFO	Listening on port 49816
1595424818870	Marionette	WARN	TLS certificate errors will be ignored for this session
JavaScript error: , line 0: uncaught exception: 7
JavaScript error: https://cdn.ampproject.org/rtv/012007102309000/v0/amp-analytics-0.1.js, line 121: NS_ERROR_NOT_INITIALIZED: 
JavaScript error: https://cdn.ampproject.org/rtv/012007102309000/v0/amp-analytics-0.1.js, line 121: NS_ERROR_NOT_INITIALIZED: 
JavaScript error: chrome://marionette/content/proxy.js, line 222: TypeError: this.browser.driver.dialogObserver is null
JavaScript error: chrome://marionette/content/proxy.js, line 222: TypeError: this.browser.driver.dialogObserver is null
1595424906915	Marionette	INFO	Stopped listening on port 49816

###!!! [Child][RunMessage] Error: Channel closing: too late to send/recv, messages will be lost


###!!! [Child][MessageChannel::SendAndWait] Error: Channel error: cannot send/recv

50031
1595424870127	Marionette	WARN	TLS certificate errors will be ignored for this session
1595424907845	mozrunner::runner	INFO	Running command: "C:\\Program Files\\Mozilla Firefox\\firefox.exe" "-marionette" "-foreground" "-no-remote" "-profile" "C:\\Users\\Jonathan\\AppData\\Local\\Temp\\rust_mozprofiley5Qvao"
JavaScript error: resource://gre/modules/XULStore.jsm, line 66: Error: Can't find profile directory.
1595424910051	Marionette	INFO	Listening on port 50230
1595424910453	Marionette	WARN	TLS certificate errors will be ignored for this session
JavaScript error: chrome://marionette/content/proxy.js, line 222: TypeError: this.browser.driver.dialogObserver is null
JavaScript error: chrome://marionette/content/proxy.js, line 222: TypeError: this.browser.driver.dialogObserver is null
1595426141977	Marionette	INFO	Stopped listening on port 50230

###!!! [Child][RunMessage] Error: Channel closing: too late to send/recv, messages will be lost


###!!! [Child][MessageChannel::SendAndWait] Error: Channel error: cannot send/recv

50465
1595424961759	Marionette	WARN	TLS certificate errors will be ignored for this session
JavaScript error: chrome://marionette/content/proxy.js, line 222: TypeError: this.browser.driver.dialogObserver is null
JavaScript error: chrome://marionette/content/proxy.js, line 222: TypeError: this.browser.driver.dialogObserver is null
1595425550491	Marionette	INFO	Stopped listening on port 50465

###!!! [Child][RunMessage] Error: Channel closing: too late to send/recv, messages will be lost


###!!! [Child][MessageChannel::SendAndWait] Error: Channel error: cannot send/recv

50719
1595425071199	Marionette	WARN	TLS certificate errors will be ignored for this session
JavaScript error: , line 0: uncaught exception: undefined
JavaScript error: chrome://marionette/content/proxy.js, line 222: TypeError: this.browser.driver.dialogObserver is null
JavaScript error: chrome://marionette/content/proxy.js, line 222: TypeError: this.browser.driver.dialogObserver is null
1595425550064	Marionette	INFO	Stopped listening on port 50719

###!!! [Child][RunMessage] Error: Channel closing: too late to send/recv, messages will be lost


###!!! [Child][MessageChannel::SendAndWait] Error: Channel error: cannot send/recv

51012
1595425148990	Marionette	WARN	TLS certificate errors will be ignored for this session
JavaScript error: chrome://marionette/content/proxy.js, line 222: TypeError: this.browser.driver.dialogObserver is null
JavaScript error: chrome://marionette/content/proxy.js, line 222: TypeError: this.browser.driver.dialogObserver is null
1595425549667	Marionette	INFO	Stopped listening on port 51012

###!!! [Child][RunMessage] Error: Channel closing: too late to send/recv, messages will be lost


###!!! [Child][MessageChannel::SendAndWait] Error: Channel error: cannot send/recv

51307
1595425327858	Marionette	WARN	TLS certificate errors will be ignored for this session
JavaScript error: , line 0: uncaught exception: undefined
JavaScript error: chrome://marionette/content/proxy.js, line 222: TypeError: this.browser.driver.dialogObserver is null
JavaScript error: chrome://marionette/content/proxy.js, line 222: TypeError: this.browser.driver.dialogObserver is null
1595425549260	Marionette	INFO	Stopped listening on port 51307

###!!! [Child][RunMessage] Error: Channel closing: too late to send/recv, messages will be lost


###!!! [Child][MessageChannel::SendAndWait] Error: Channel error: cannot send/recv

51589
1595425394201	Marionette	WARN	TLS certificate errors will be ignored for this session
1595425548870	Marionette	INFO	Stopped listening on port 51589

###!!! [Child][RunMessage] Error: Channel closing: too late to send/recv, messages will be lost


###!!! [Child][MessageChannel::SendAndWait] Error: Channel error: cannot send/recv

gre/modules/XULStore.jsm, line 66: Error: Can't find profile directory.
1595425471442	Marionette	INFO	Listening on port 51781
1595425471520	Marionette	WARN	TLS certificate errors will be ignored for this session
1595425550022	mozrunner::runner	INFO	Running command: "C:\\Program Files\\Mozilla Firefox\\firefox.exe" "-marionette" "-foreground" "-no-remote" "-profile" "C:\\Users\\Jonathan\\AppData\\Local\\Temp\\rust_mozprofile6igqk5"
JavaScript error: resource://gre/modules/XULStore.jsm, line 66: Error: Can't find profile directory.
1595425552343	Marionette	INFO	Listening on port 52037
1595425552630	Marionette	WARN	TLS certificate errors will be ignored for this session
JavaScript error: chrome://marionette/content/proxy.js, line 222: TypeError: this.browser.driver.dialogObserver is null
JavaScript error: chrome://marionette/content/proxy.js, line 222: TypeError: this.browser.driver.dialogObserver is null
1595426141897	Marionette	INFO	Stopped listening on port 52037

###!!! [Child][RunMessage] Error: Channel closing: too late to send/recv, messages will be lost


###!!! [Child][MessageChannel::SendAndWait] Error: Channel error: cannot send/recv

52328
1595425616608	Marionette	WARN	TLS certificate errors will be ignored for this session
JavaScript error: https://cdn.ampproject.org/rtv/012007102309000/v0/amp-analytics-0.1.js, line 121: NS_ERROR_NOT_INITIALIZED: 
JavaScript error: , line 0: uncaught exception: undefined
JavaScript error: https://cdn.ampproject.org/rtv/012007102309000/v0/amp-analytics-0.1.js, line 121: NS_ERROR_NOT_INITIALIZED: 
1595425690667	mozrunner::runner	INFO	Running command: "C:\\Program Files\\Mozilla Firefox\\firefox.exe" "-marionette" "-fJavaScript error: chrome://marionette/content/proxy.js, line 222: TypeError: this.browser.driver.dialogObserver is null
1595425819750	Marionette	INFO	Stopped listening on port 52328

###!!! [Child][RunMessage] Error: Channel closing: too late to send/recv, messages will be lost


###!!! [Child][MessageChannel::SendAndWait] Error: Channel error: cannot send/recv

FO	Stopped listening on port 52598

###!!! [Child][RunMessage] Error: Channel closing: too late to send/recv, messages will be lost


###!!! [Child][MessageChannel::SendAndWait] Error: Channel error: cannot send/recv

1595425821440	mozrunner::runner	INFO	Running command: "C:\\Program Files\\Mozilla Firefox\\firefox.exe" "-marionette" "-foreground" "-no-remote" "-profile" "C:\\Users\\Jonathan\\AppData\\Local\\Temp\\rust_mozprofileJB7T93"
JavaScript error: resource://gre/modules/XULStore.jsm, line 66: Error: Can't find profile directory.
1595425823613	Marionette	INFO	Listening on port 52881
1595425824048	Marionette	WARN	TLS certificate errors will be ignored for this session
JavaScript error: , line 0: uncaught exception: undefined
1595425846015	Marionette	INFO	Stopped listening on port 52881

###!!! [Child][RunMessage] Error: Channel closing: too late to send/recv, messages will be lost


###!!! [Child][MessageChannel::SendAndWait] Error: Channel error: cannot send/recv

1595425995330	mozrunner::runner	INFO	Running command: "C:\\Program Files\\Mozilla Firefox\\firefox.exe" "-marionette" "-foreground" "-no-remote" "-profile" "C:\\Users\\Jonathan\\AppData\\Local\\Temp\\rust_mozprofiletYC7VS"
JavaScript error: resource://gre/modules/XULStore.jsm, line 66: Error: Can't find profile directory.
1595425997498	Marionette	INFO	Listening on port 53048
1595425997940	Marionette	WARN	TLS certificate errors will be ignored for this session
1595426141630	Marionette	INFO	Stopped listening on port 53048

###!!! [Child][RunMessage] Error: Channel closing: too late to send/recv, messages will be lost


###!!! [Child][MessageChannel::SendAndWait] Error: Channel error: cannot send/recv

gre/modules/XULStore.jsm, line 66: Error: Can't find profile directory.
1595426047799	Marionette	INFO	Listening on port 53211
1595426048039	Marionette	WARN	TLS certificate errors will be ignored for this session
JavaScript error: chrome://marionette/content/proxy.js, line 222: TypeError: this.browser.driver.dialogObserver is null
JavaScript error: chrome://marionette/content/proxy.js, line 222: TypeError: this.browser.driver.dialogObserver is null
1595426141492	Marionette	INFO	Stopped listening on port 53211

###!!! [Child][MessageChannel::SendAndWait] Error: Channel error: cannot send/recv

.jsm, line 66: Error: Can't find profile directory.
1595426105542	Marionette	INFO	Listening on port 53405
1595426105948	Marionette	WARN	TLS certificate errors will be ignored for this session
JavaScript error: https://www.atptour.com/assets/atpwt/scripts/vendor/require.js, line 8: Error: Script error for: bc
http://requirejs.org/docs/errors.html#scripterror
JavaScript error: https://www.atptour.com/assets/atpwt/scripts/vendor/require.js, line 8: Error: Script error for: views/baseView
http://requirejs.org/docs/errors.html#scripterror
JavaScript error: https://www.atptour.com/assets/atpwt/scripts/vendor/require.js, line 8: Error: Script error for: util/pageTransitions
http://requirejs.org/docs/errors.html#scripterror
[Child 5440, Chrome_ChildThread] WARNING: pipe error: 232: file /builds/worker/checkouts/gecko/ipc/chromium/src/chrome/common/ipc_channel_win.cc, line 522
1595426135227	Marionette	INFO	Stopped listening on port 53405

###!!! [Child][RunMessage] Error: Channel closing: too late to send/recv, messages will be lost


###!!! [Child][MessageChannel::SendAndWait] Error: Channel error: cannot send/recv

1595426142838	mozrunner::runner	INFO	Running command: "C:\\Program Files\\Mozilla Firefox\\firefox.exe" "-marionette" "-foreground" "-no-remote" "-profile" "C:\\Users\\Jonathan\\AppData\\Local\\Temp\\rust_mozprofilev5uuFB"
JavaScript error: resource://gre/modules/XULStore.jsm, line 66: Error: Can't find profile directory.
1595426145172	Marionette	INFO	Listening on port 53577
1595426145449	Marionette	WARN	TLS certificate errors will be ignored for this session
JavaScript error: , line 0: uncaught exception: undefined
JavaScript error: https://cdn.ampproject.org/rtv/012007102309000/v0/amp-analytics-0.1.js, line 121: NS_ERROR_NOT_INITIALIZED: 
JavaScript error: https://cdn.ampproject.org/rtv/012007102309000/v0/amp-analytics-0.1.js, line 121: NS_ERROR_NOT_INITIALIZED: 
JavaScript error: https://cdn.ampproject.org/rtv/012007102309000/v0/amp-analytics-0.1.js, line 121: NS_ERROR_NOT_INITIALIZED: 
JavaScript error: https://cdn.ampproject.org/rtv/012007102309000/v0/amp-analytics-0.1.js, line 121: NS_ERROR_NOT_INITIALIZED: 
JavaScript error: https://cdn.ampproject.org/rtv/012007102309000/v0/amp-analytics-0.1.js, line 121: NS_ERROR_NOT_INITIALIZED: 
JavaScript error: https://cdn.ampproject.org/rtv/012007102309000/v0/amp-analytics-0.1.js, line 121: NS_ERROR_NOT_INITIALIZED: 
JavaScript error: , line 0: uncaught exception: undefined
JavaScript error: https://cdn.ampproject.org/rtv/012007102309000/v0/amp-analytics-0.1.js, line 121: NS_ERROR_NOT_INITIALIZED: 
JavaScript error: https://cdn.ampproject.org/rtv/012007102309000/v0/amp-analytics-0.1.js, line 121: NS_ERROR_NOT_INITIALIZED: 
JavaScript error: https://cdn.ampproject.org/rtv/012007102309000/v0/amp-analytics-0.1.js, line 121: NS_ERROR_NOT_INITIALIZED: 
JavaScript error: https://cdn.ampproject.org/rtv/012007102309000/v0/amp-analytics-0.1.js, line 121: NS_ERROR_NOT_INITIALIZED: 
JavaScript error: , line 0: uncaught exception: undefined
JavaScript error: https://cdn.ampproject.org/rtv/012007102309000/v0/amp-analytics-0.1.js, line 121: NS_ERROR_NOT_INITIALIZED: 
JavaScript error: https://cdn.ampproject.org/rtv/012007102309000/v0/amp-analytics-0.1.js, line 121: NS_ERROR_NOT_INITIALIZED: 
JavaScript error: https://cdn.ampproject.org/rtv/012007102309000/v0/amp-analytics-0.1.js, line 121: NS_ERROR_NOT_INITIALIZED: 
JavaScript error: https://cdn.ampproject.org/rtv/012007102309000/v0/amp-analytics-0.1.js, line 121: NS_ERROR_NOT_INITIALIZED: 
JavaScript error: https://cdn.ampproject.org/rtv/012007102309000/v0/amp-analytics-0.1.js, line 121: NS_ERROR_NOT_INITIALIZED: 
JavaScript error: https://cdn.ampproject.org/rtv/012007102309000/v0/amp-analytics-0.1.js, line 121: NS_ERROR_NOT_INITIALIZED: 
JavaScript error: https://cdn.ampproject.org/rtv/012007102309000/v0/amp-analytics-0.1.js, line 121: NS_ERROR_NOT_INITIALIZED: 
JavaScript error: https://cdn.ampproject.org/rtv/012007102309000/v0/amp-analytics-0.1.js, line 121: NS_ERROR_NOT_INITIALIZED: 
JavaScript error: https://cdn.ampproject.org/rtv/012007102309000/v0/amp-analytics-0.1.js, line 121: NS_ERROR_NOT_INITIALIZED: 
JavaScript error: https://cdn.ampproject.org/rtv/012007102309000/v0/amp-analytics-0.1.js, line 121: NS_ERROR_NOT_INITIALIZED: 
JavaScript error: https://cdn.ampproject.org/rtv/012007102309000/v0/amp-analytics-0.1.js, line 121: NS_ERROR_NOT_INITIALIZED: 
JavaScript error: https://cdn.ampproject.org/rtv/012007102309000/v0/amp-analytics-0.1.js, line 121: NS_ERROR_NOT_INITIALIZED: 
JavaScript error: , line 0: uncaught exception: undefined
JavaScript error: https://www.atptour.com/assets/atpwt/scripts/vendor/postscribe.min.js?bust=637309654612858500, line 3: uncaught exception: [object Object]
JavaScript error: https://www.atptour.com/assets/atpwt/scripts/vendor/postscribe.min.js?bust=637309654612858500, line 3: uncaught exception: [object Object]
JavaScript error: https://cdn.ampproject.org/rtv/012007102309000/v0/amp-analytics-0.1.js, line 121: NS_ERROR_NOT_INITIALIZED: 
JavaScript error: https://cdn.ampproject.org/rtv/012007102309000/v0/amp-analytics-0.1.js, line 121: NS_ERROR_NOT_INITIALIZED: 
JavaScript error: https://cdn.ampproject.org/rtv/012007102309000/v0/amp-analytics-0.1.js, line 121: NS_ERROR_NOT_INITIALIZED: 
JavaScript error: https://cdn.ampproject.org/rtv/012007102309000/v0/amp-analytics-0.1.js, line 121: NS_ERROR_NOT_INITIALIZED: 
JavaScript error: https://cdn.ampproject.org/rtv/012007102309000/v0/amp-analytics-0.1.js, line 121: NS_ERROR_NOT_INITIALIZED: 
JavaScript error: https://cdn.ampproject.org/rtv/012007102309000/v0/amp-analytics-0.1.js, line 121: NS_ERROR_NOT_INITIALIZED: 
JavaScript error: , line 0: uncaught exception: undefined
JavaScript error: https://cdn.ampproject.org/rtv/012007102309000/v0/amp-analytics-0.1.js, line 121: NS_ERROR_NOT_INITIALIZED: 
JavaScript error: https://cdn.ampproject.org/rtv/012007102309000/v0/amp-analytics-0.1.js, line 121: NS_ERROR_NOT_INITIALIZED: 
JavaScript error: resource://gre/actors/ThumbnailsChild.jsm, line 29: InvalidStateError: An attempt was made to use an object that is not, or is no longer, usable
JavaScript error: https://cdn.ampproject.org/rtv/012007102309000/v0/amp-analytics-0.1.js, line 121: NS_ERROR_NOT_INITIALIZED: 
JavaScript error: https://cdn.ampproject.org/rtv/012007102309000/v0/amp-analytics-0.1.js, line 121: NS_ERROR_NOT_INITIALIZED: 
JavaScript error: , line 0: uncaught exception: undefined
JavaScript error: resource://gre/actors/ThumbnailsChild.jsm, line 29: InvalidStateError: An attempt was made to use an object that is not, or is no longer, usable
JavaScript error: https://cdn.ampproject.org/rtv/012007102309000/v0/amp-analytics-0.1.js, line 121: NS_ERROR_NOT_INITIALIZED: 
JavaScript error: https://cdn.ampproject.org/rtv/012007102309000/v0/amp-analytics-0.1.js, line 121: NS_ERROR_NOT_INITIALIZED: 
JavaScript error: https://cdn.ampproject.org/rtv/012007102309000/v0/amp-analytics-0.1.js, line 121: NS_ERROR_NOT_INITIALIZED: 
JavaScript error: https://cdn.ampproject.org/rtv/012007102309000/v0/amp-analytics-0.1.js, line 121: NS_ERROR_NOT_INITIALIZED: 
JavaScript error: https://cdn.ampproject.org/rtv/012007102309000/v0/amp-analytics-0.1.js, line 121: NS_ERROR_NOT_INITIALIZED: 
JavaScript error: https://cdn.ampproject.org/rtv/012007102309000/v0/amp-analytics-0.1.js, line 121: NS_ERROR_NOT_INITIALIZED: 
JavaScript error: , line 0: uncaught exception: undefined
JavaScript error: https://cdn.ampproject.org/rtv/012007102309000/v0/amp-analytics-0.1.js, line 121: NS_ERROR_NOT_INITIALIZED: 
JavaScript error: , line 0: uncaught exception: out of memory
JavaScript error: https://www.atptour.com/en/players, line 31: uncaught exception: out of memory
JavaScript error: , line 0: uncaught exception: out of memory
JavaScript error: , line 0: uncaught exception: out of memory
JavaScript error: , line 0: uncaught exception: out of memory
JavaScript error: , line 0: uncaught exception: out of memory
JavaScript error: , line 0: uncaught exception: out of memory
JavaScript error: , line 0: uncaught exception: out of memory
JavaScript error: , line 0: uncaught exception: out of memory
JavaScript error: , line 0: uncaught exception: out of memory
JavaScript error: , line 0: uncaught exception: out of memory
JavaScript error: , line 0: uncaught exception: out of memory
JavaScript error: , line 0: uncaught exception: out of memory
JavaScript error: , line 0: uncaught exception: out of memory
JavaScript error: , line 0: uncaught exception: out of memory
JavaScript error: , line 0: uncaught exception: out of memory
JavaScript error: , line 0: uncaught exception: out of memory
JavaScript error: , line 0: uncaught exception: out of memory
JavaScript error: , line 0: uncaught exception: out of memory
JavaScript error: , line 0: uncaught exception: out of memory
JavaScript error: , line 0: uncaught exception: out of memory
JavaScript error: , line 0: uncaught exception: out of memory
JavaScript error: , line 0: uncaught exception: out of memory
JavaScript error: , line 0: uncaught exception: out of memory
JavaScript error: , line 0: uncaught exception: out of memory
JavaScript error: , line 0: uncaught exception: out of memory
JavaScript error: , line 0: uncaught exception: out of memory
JavaScript error: , line 0: uncaught exception: out of memory
JavaScript error: , line 0: uncaught exception: out of memory
JavaScript error: , line 0: uncaught exception: out of memory
JavaScript error: , line 0: uncaught exception: out of memory
JavaScript error: , line 0: uncaught exception: out of memory
JavaScript error: , line 0: uncaught exception: out of memory
JavaScript error: , line 0: uncaught exception: out of memory
JavaScript error: , line 0: uncaught exception: out of memory
JavaScript error: , line 0: uncaught exception: out of memory
JavaScript error: , line 0: uncaught exception: out of memory
JavaScript error: , line 0: uncaught exception: out of memory
JavaScript error: , line 0: uncaught exception: out of memory
JavaScript error: , line 0: uncaught exception: out of memory
JavaScript error: , line 0: uncaught exception: out of memory
JavaScript error: , line 0: uncaught exception: out of memory
JavaScript error: , line 0: uncaught exception: out of memory
JavaScript error: , line 0: uncaught exception: out of memory
JavaScript error: , line 0: uncaught exception: out of memory
JavaScript error: , line 0: uncaught exception: out of memory
JavaScript error: , line 0: uncaught exception: out of memory
JavaScript error: , line 0: uncaught exception: out of memory
JavaScript error: , line 0: uncaught exception: out of memory
JavaScript error: , line 0: uncaught exception: out of memory
JavaScript error: , line 0: uncaught exception: out of memory
JavaScript error: , line 0: uncaught exception: out of memory
JavaScript error: , line 0: uncaught exception: out of memory
JavaScript error: , line 0: uncaught exception: out of memory
JavaScript error: , line 0: uncaught exception: out of memory
JavaScript error: , line 0: uncaught exception: out of memory
JavaScript error: , line 0: uncaught exception: out of memory
JavaScript error: , line 0: uncaught exception: out of memory
JavaScript error: , line 0: uncaught exception: out of memory
JavaScript error: , line 0: uncaught exception: out of memory
JavaScript error: , line 0: uncaught exception: out of memory
JavaScript error: , line 0: uncaught exception: out of memory
JavaScript error: , line 0: uncaught exception: out of memory
JavaScript error: , line 0: uncaught exception: out of memory
JavaScript error: , line 0: uncaught exception: out of memory
JavaScript error: , line 0: uncaught exception: out of memory
JavaScript error: , line 0: uncaught exception: out of memory
JavaScript error: , line 0: uncaught exception: out of memory
JavaScript error: , line 0: uncaught exception: out of memory
JavaScript error: , line 0: uncaught exception: out of memory
JavaScript error: , line 0: uncaught exception: out of memory
JavaScript error: , line 0: uncaught exception: out of memory
JavaScript error: , line 0: uncaught exception: out of memory
JavaScript error: , line 0: uncaught exception: out of memory
JavaScript error: , line 0: uncaught exception: out of memory
JavaScript error: , line 0: uncaught exception: out of memory
JavaScript error: , line 0: uncaught exception: out of memory
JavaScript error: , line 0: uncaught exception: out of memory
JavaScript error: , line 0: uncaught exception: out of memory
JavaScript error: , line 0: uncaught exception: out of memory
JavaScript error: , line 0: uncaught exception: out of memory
JavaScript error: , line 0: uncaught exception: out of memory
JavaScript error: , line 0: uncaught exception: out of memory
JavaScript error: , line 0: uncaught exception: out of memory
JavaScript error: , line 0: uncaught exception: out of memory
JavaScript error: , line 0: uncaught exception: out of memory
JavaScript error: , line 0: uncaught exception: out of memory
JavaScript error: , line 0: uncaught exception: out of memory
JavaScript error: , line 0: uncaught exception: out of memory
JavaScript error: , line 0: uncaught exception: out of memory
JavaScript error: , line 0: uncaught exception: out of memory
JavaScript error: , line 0: uncaught exception: out of memory
JavaScript error: , line 0: uncaught exception: out of memory
JavaScript error: , line 0: uncaught exception: out of memory
JavaScript error: , line 0: uncaught exception: out of memory
JavaScript error: , line 0: uncaught exception: out of memory
JavaScript error: , line 0: uncaught exception: out of memory
JavaScript error: , line 0: uncaught exception: out of memory
JavaScript error: , line 0: uncaught exception: out of memory
JavaScript error: , line 0: uncaught exception: out of memory
JavaScript error: , line 0: uncaught exception: out of memory
JavaScript error: , line 0: uncaught exception: out of memory
JavaScript error: , line 0: uncaught exception: out of memory
JavaScript error: , line 0: uncaught exception: out of memory
JavaScript error: , line 0: uncaught exception: out of memory
JavaScript error: , line 0: uncaught exception: out of memory
JavaScript error: , line 0: uncaught exception: out of memory
JavaScript error: , line 0: uncaught exception: out of memory
JavaScript error: , line 0: uncaught exception: out of memory
JavaScript error: , line 0: uncaught exception: out of memory
JavaScript error: , line 0: uncaught exception: out of memory
JavaScript error: , line 0: uncaught exception: out of memory
JavaScript error: , line 0: uncaught exception: out of memory
JavaScript error: , line 0: uncaught exception: out of memory
JavaScript error: , line 0: uncaught exception: out of memory
JavaScript error: , line 0: uncaught exception: out of memory
JavaScript error: , line 0: uncaught exception: out of memory
JavaScript error: , line 0: uncaught exception: out of memory
JavaScript error: , line 0: uncaught exception: out of memory
JavaScript error: , line 0: uncaught exception: out of memory
JavaScript error: , line 0: uncaught exception: out of memory
JavaScript error: , line 0: uncaught exception: out of memory
JavaScript error: , line 0: uncaught exception: out of memory
JavaScript error: , line 0: uncaught exception: out of memory
JavaScript error: , line 0: uncaught exception: out of memory
JavaScript error: , line 0: uncaught exception: out of memory
JavaScript error: , line 0: uncaught exception: out of memory
JavaScript error: , line 0: uncaught exception: out of memory
JavaScript error: , line 0: uncaught exception: out of memory
JavaScript error: , line 0: uncaught exception: out of memory
JavaScript error: , line 0: uncaught exception: out of memory
JavaScript error: , line 0: uncaught exception: out of memory
JavaScript error: , line 0: uncaught exception: out of memory
JavaScript error: , line 0: uncaught exception: out of memory
JavaScript error: , line 0: uncaught exception: out of memory
JavaScript error: , line 0: uncaught exception: out of memory
JavaScript error: , line 0: uncaught exception: out of memory
JavaScript error: , line 0: uncaught exception: out of memory
JavaScript error: , line 0: uncaught exception: out of memory
JavaScript error: , line 0: uncaught exception: out of memory
JavaScript error: , line 0: uncaught exception: out of memory
JavaScript error: , line 0: uncaught exception: out of memory
JavaScript error: , line 0: uncaught exception: out of memory
JavaScript error: , line 0: uncaught exception: out of memory
JavaScript error: , line 0: uncaught exception: out of memory
JavaScript error: , line 0: uncaught exception: out of memory
JavaScript error: , line 0: uncaught exception: out of memory
JavaScript error: , line 0: uncaught exception: out of memory
JavaScript error: , line 0: uncaught exception: out of memory
JavaScript error: , line 0: uncaught exception: out of memory
JavaScript error: , line 0: uncaught exception: out of memory
JavaScript error: , line 0: uncaught exception: out of memory
JavaScript error: , line 0: uncaught exception: out of memory
JavaScript error: , line 0: uncaught exception: out of memory
JavaScript error: , line 0: uncaught exception: out of memory
JavaScript error: , line 0: uncaught exception: out of memory
JavaScript error: , line 0: uncaught exception: out of memory
JavaScript error: , line 0: uncaught exception: out of memory
JavaScript error: , line 0: uncaught exception: out of memory
JavaScript error: , line 0: uncaught exception: out of memory
JavaScript error: , line 0: uncaught exception: out of memory
JavaScript error: , line 0: uncaught exception: out of memory
JavaScript error: , line 0: uncaught exception: out of memory
JavaScript error: , line 0: uncaught exception: out of memory
JavaScript error: , line 0: uncaught exception: out of memory
JavaScript error: , line 0: uncaught exception: out of memory
JavaScript error: , line 0: uncaught exception: out of memory
JavaScript error: , line 0: uncaught exception: out of memory
JavaScript error: , line 0: uncaught exception: out of memory
JavaScript error: , line 0: uncaught exception: out of memory
JavaScript error: , line 0: uncaught exception: out of memory
JavaScript error: , line 0: uncaught exception: out of memory
JavaScript error: , line 0: uncaught exception: out of memory
JavaScript error: , line 0: uncaught exception: out of memory
JavaScript error: , line 0: uncaught exception: out of memory
JavaScript error: , line 0: uncaught exception: out of memory
JavaScript error: , line 0: uncaught exception: out of memory
JavaScript error: , line 0: uncaught exception: out of memory
JavaScript error: , line 0: uncaught exception: out of memory
JavaScript error: , line 0: uncaught exception: out of memory
JavaScript error: , line 0: uncaught exception: out of memory
JavaScript error: , line 0: uncaught exception: out of memory
JavaScript error: , line 0: uncaught exception: out of memory
JavaScript error: , line 0: uncaught exception: out of memory
JavaScript error: , line 0: uncaught exception: out of memory
JavaScript error: , line 0: uncaught exception: out of memory
JavaScript error: , line 0: uncaught exception: out of memory
JavaScript error: , line 0: uncaught exception: out of memory
JavaScript error: , line 0: uncaught exception: out of memory
JavaScript error: , line 0: uncaught exception: out of memory
JavaScript error: , line 0: uncaught exception: out of memory
JavaScript error: , line 0: uncaught exception: out of memory
JavaScript error: , line 0: uncaught exception: out of memory
JavaScript error: , line 0: uncaught exception: out of memory
JavaScript error: , line 0: uncaught exception: out of memory
JavaScript error: , line 0: uncaught exception: out of memory
JavaScript error: chrome://marionette/content/proxy.js, line 222: TypeError: this.browser.driver.dialogObserver is null
1595430808021	Marionette	INFO	Stopped listening on port 53577

###!!! [Child][MessageChannel::SendAndWait] Error: Channel error: cannot send/recv

